<!DOCTYPE html>
<html>
<head>
<meta http-equiv="Content-Type" content="text/html; charset=utf-8"/>
<meta http-equiv="x-ua-compatible" content="IE=edge"/>
<title>Test results - FuncControllerTest</title>
<link href="../css/base-style.css" rel="stylesheet" type="text/css"/>
<link href="../css/style.css" rel="stylesheet" type="text/css"/>
<script src="../js/report.js" type="text/javascript"></script>
</head>
<body>
<div id="content">
<h1>FuncControllerTest</h1>
<div class="breadcrumbs">
<a href="../index.html">all</a> &gt; 
<a href="../packages/com.cmms11.web.html">com.cmms11.web</a> &gt; FuncControllerTest</div>
<div id="summary">
<table>
<tr>
<td>
<div class="summaryGroup">
<table>
<tr>
<td>
<div class="infoBox" id="tests">
<div class="counter">3</div>
<p>tests</p>
</div>
</td>
<td>
<div class="infoBox" id="failures">
<div class="counter">2</div>
<p>failures</p>
</div>
</td>
<td>
<div class="infoBox" id="ignored">
<div class="counter">0</div>
<p>ignored</p>
</div>
</td>
<td>
<div class="infoBox" id="duration">
<div class="counter">0.173s</div>
<p>duration</p>
</div>
</td>
</tr>
</table>
</div>
</td>
<td>
<div class="infoBox failures" id="successRate">
<div class="percent">33%</div>
<p>successful</p>
</div>
</td>
</tr>
</table>
</div>
<div class="tab-container">
<ul class="tabLinks">
<li>
<a href="#">Failed tests</a>
</li>
<li>
<a href="#">Tests</a>
</li>
<li>
<a href="#">Standard output</a>
</li>
</ul>
<div class="tab">
<h2>Failed tests</h2>
<div class="test">
<a name="createUpdateAndDeleteFunc()"></a>
<h3 class="failures">createUpdateAndDeleteFunc()</h3>
<span class="code">
<pre>java.lang.AssertionError: Status expected:&lt;201&gt; but was:&lt;403&gt;
	at org.springframework.test.util.AssertionErrors.fail(AssertionErrors.java:59)
	at org.springframework.test.util.AssertionErrors.assertEquals(AssertionErrors.java:122)
	at org.springframework.test.web.servlet.result.StatusResultMatchers.lambda$matcher$9(StatusResultMatchers.java:637)
	at org.springframework.test.web.servlet.MockMvc$1.andExpect(MockMvc.java:214)
	at com.cmms11.web.FuncControllerTest.createUpdateAndDeleteFunc(FuncControllerTest.java:71)
	at java.base/jdk.internal.reflect.DirectMethodHandleAccessor.invoke(DirectMethodHandleAccessor.java:103)
	at java.base/java.lang.reflect.Method.invoke(Method.java:580)
	at org.junit.platform.commons.util.ReflectionUtils.invokeMethod(ReflectionUtils.java:728)
	at org.junit.jupiter.engine.execution.MethodInvocation.proceed(MethodInvocation.java:60)
	at org.junit.jupiter.engine.execution.InvocationInterceptorChain$ValidatingInvocation.proceed(InvocationInterceptorChain.java:131)
	at org.junit.jupiter.engine.extension.TimeoutExtension.intercept(TimeoutExtension.java:156)
	at org.junit.jupiter.engine.extension.TimeoutExtension.interceptTestableMethod(TimeoutExtension.java:147)
	at org.junit.jupiter.engine.extension.TimeoutExtension.interceptTestMethod(TimeoutExtension.java:86)
	at org.junit.jupiter.engine.execution.InterceptingExecutableInvoker$ReflectiveInterceptorCall.lambda$ofVoidMethod$0(InterceptingExecutableInvoker.java:103)
	at org.junit.jupiter.engine.execution.InterceptingExecutableInvoker.lambda$invoke$0(InterceptingExecutableInvoker.java:93)
	at org.junit.jupiter.engine.execution.InvocationInterceptorChain$InterceptedInvocation.proceed(InvocationInterceptorChain.java:106)
	at org.junit.jupiter.engine.execution.InvocationInterceptorChain.proceed(InvocationInterceptorChain.java:64)
	at org.junit.jupiter.engine.execution.InvocationInterceptorChain.chainAndInvoke(InvocationInterceptorChain.java:45)
	at org.junit.jupiter.engine.execution.InvocationInterceptorChain.invoke(InvocationInterceptorChain.java:37)
	at org.junit.jupiter.engine.execution.InterceptingExecutableInvoker.invoke(InterceptingExecutableInvoker.java:92)
	at org.junit.jupiter.engine.execution.InterceptingExecutableInvoker.invoke(InterceptingExecutableInvoker.java:86)
	at org.junit.jupiter.engine.descriptor.TestMethodTestDescriptor.lambda$invokeTestMethod$7(TestMethodTestDescriptor.java:218)
	at org.junit.platform.engine.support.hierarchical.ThrowableCollector.execute(ThrowableCollector.java:73)
	at org.junit.jupiter.engine.descriptor.TestMethodTestDescriptor.invokeTestMethod(TestMethodTestDescriptor.java:214)
	at org.junit.jupiter.engine.descriptor.TestMethodTestDescriptor.execute(TestMethodTestDescriptor.java:139)
	at org.junit.jupiter.engine.descriptor.TestMethodTestDescriptor.execute(TestMethodTestDescriptor.java:69)
	at org.junit.platform.engine.support.hierarchical.NodeTestTask.lambda$executeRecursively$6(NodeTestTask.java:151)
	at org.junit.platform.engine.support.hierarchical.ThrowableCollector.execute(ThrowableCollector.java:73)
	at org.junit.platform.engine.support.hierarchical.NodeTestTask.lambda$executeRecursively$8(NodeTestTask.java:141)
	at org.junit.platform.engine.support.hierarchical.Node.around(Node.java:137)
	at org.junit.platform.engine.support.hierarchical.NodeTestTask.lambda$executeRecursively$9(NodeTestTask.java:139)
	at org.junit.platform.engine.support.hierarchical.ThrowableCollector.execute(ThrowableCollector.java:73)
	at org.junit.platform.engine.support.hierarchical.NodeTestTask.executeRecursively(NodeTestTask.java:138)
	at org.junit.platform.engine.support.hierarchical.NodeTestTask.execute(NodeTestTask.java:95)
	at java.base/java.util.ArrayList.forEach(ArrayList.java:1596)
	at org.junit.platform.engine.support.hierarchical.SameThreadHierarchicalTestExecutorService.invokeAll(SameThreadHierarchicalTestExecutorService.java:41)
	at org.junit.platform.engine.support.hierarchical.NodeTestTask.lambda$executeRecursively$6(NodeTestTask.java:155)
	at org.junit.platform.engine.support.hierarchical.ThrowableCollector.execute(ThrowableCollector.java:73)
	at org.junit.platform.engine.support.hierarchical.NodeTestTask.lambda$executeRecursively$8(NodeTestTask.java:141)
	at org.junit.platform.engine.support.hierarchical.Node.around(Node.java:137)
	at org.junit.platform.engine.support.hierarchical.NodeTestTask.lambda$executeRecursively$9(NodeTestTask.java:139)
	at org.junit.platform.engine.support.hierarchical.ThrowableCollector.execute(ThrowableCollector.java:73)
	at org.junit.platform.engine.support.hierarchical.NodeTestTask.executeRecursively(NodeTestTask.java:138)
	at org.junit.platform.engine.support.hierarchical.NodeTestTask.execute(NodeTestTask.java:95)
	at java.base/java.util.ArrayList.forEach(ArrayList.java:1596)
	at org.junit.platform.engine.support.hierarchical.SameThreadHierarchicalTestExecutorService.invokeAll(SameThreadHierarchicalTestExecutorService.java:41)
	at org.junit.platform.engine.support.hierarchical.NodeTestTask.lambda$executeRecursively$6(NodeTestTask.java:155)
	at org.junit.platform.engine.support.hierarchical.ThrowableCollector.execute(ThrowableCollector.java:73)
	at org.junit.platform.engine.support.hierarchical.NodeTestTask.lambda$executeRecursively$8(NodeTestTask.java:141)
	at org.junit.platform.engine.support.hierarchical.Node.around(Node.java:137)
	at org.junit.platform.engine.support.hierarchical.NodeTestTask.lambda$executeRecursively$9(NodeTestTask.java:139)
	at org.junit.platform.engine.support.hierarchical.ThrowableCollector.execute(ThrowableCollector.java:73)
	at org.junit.platform.engine.support.hierarchical.NodeTestTask.executeRecursively(NodeTestTask.java:138)
	at org.junit.platform.engine.support.hierarchical.NodeTestTask.execute(NodeTestTask.java:95)
	at org.junit.platform.engine.support.hierarchical.SameThreadHierarchicalTestExecutorService.submit(SameThreadHierarchicalTestExecutorService.java:35)
	at org.junit.platform.engine.support.hierarchical.HierarchicalTestExecutor.execute(HierarchicalTestExecutor.java:57)
	at org.junit.platform.engine.support.hierarchical.HierarchicalTestEngine.execute(HierarchicalTestEngine.java:54)
	at org.junit.platform.launcher.core.EngineExecutionOrchestrator.execute(EngineExecutionOrchestrator.java:107)
	at org.junit.platform.launcher.core.EngineExecutionOrchestrator.execute(EngineExecutionOrchestrator.java:88)
	at org.junit.platform.launcher.core.EngineExecutionOrchestrator.lambda$execute$0(EngineExecutionOrchestrator.java:54)
	at org.junit.platform.launcher.core.EngineExecutionOrchestrator.withInterceptedStreams(EngineExecutionOrchestrator.java:67)
	at org.junit.platform.launcher.core.EngineExecutionOrchestrator.execute(EngineExecutionOrchestrator.java:52)
	at org.junit.platform.launcher.core.DefaultLauncher.execute(DefaultLauncher.java:114)
	at org.junit.platform.launcher.core.DefaultLauncher.execute(DefaultLauncher.java:86)
	at org.junit.platform.launcher.core.DefaultLauncherSession$DelegatingLauncher.execute(DefaultLauncherSession.java:86)
	at org.gradle.api.internal.tasks.testing.junitplatform.JUnitPlatformTestClassProcessor$CollectAllTestClassesExecutor.processAllTestClasses(JUnitPlatformTestClassProcessor.java:124)
	at org.gradle.api.internal.tasks.testing.junitplatform.JUnitPlatformTestClassProcessor$CollectAllTestClassesExecutor.access$000(JUnitPlatformTestClassProcessor.java:99)
	at org.gradle.api.internal.tasks.testing.junitplatform.JUnitPlatformTestClassProcessor.stop(JUnitPlatformTestClassProcessor.java:94)
	at org.gradle.api.internal.tasks.testing.SuiteTestClassProcessor.stop(SuiteTestClassProcessor.java:63)
	at java.base/jdk.internal.reflect.DirectMethodHandleAccessor.invoke(DirectMethodHandleAccessor.java:103)
	at java.base/java.lang.reflect.Method.invoke(Method.java:580)
	at org.gradle.internal.dispatch.ReflectionDispatch.dispatch(ReflectionDispatch.java:36)
	at org.gradle.internal.dispatch.ReflectionDispatch.dispatch(ReflectionDispatch.java:24)
	at org.gradle.internal.dispatch.ContextClassLoaderDispatch.dispatch(ContextClassLoaderDispatch.java:33)
	at org.gradle.internal.dispatch.ProxyDispatchAdapter$DispatchingInvocationHandler.invoke(ProxyDispatchAdapter.java:92)
	at jdk.proxy1/jdk.proxy1.$Proxy4.stop(Unknown Source)
	at org.gradle.api.internal.tasks.testing.worker.TestWorker$3.run(TestWorker.java:200)
	at org.gradle.api.internal.tasks.testing.worker.TestWorker.executeAndMaintainThreadName(TestWorker.java:132)
	at org.gradle.api.internal.tasks.testing.worker.TestWorker.execute(TestWorker.java:103)
	at org.gradle.api.internal.tasks.testing.worker.TestWorker.execute(TestWorker.java:63)
	at org.gradle.process.internal.worker.child.ActionExecutionWorker.execute(ActionExecutionWorker.java:56)
	at org.gradle.process.internal.worker.child.SystemApplicationClassLoaderWorker.call(SystemApplicationClassLoaderWorker.java:122)
	at org.gradle.process.internal.worker.child.SystemApplicationClassLoaderWorker.call(SystemApplicationClassLoaderWorker.java:72)
	at worker.org.gradle.process.internal.worker.GradleWorkerMain.run(GradleWorkerMain.java:69)
	at worker.org.gradle.process.internal.worker.GradleWorkerMain.main(GradleWorkerMain.java:74)
</pre>
</span>
</div>
<div class="test">
<a name="funcTemplatesAreServedThroughLayout()"></a>
<h3 class="failures">funcTemplatesAreServedThroughLayout()</h3>
<span class="code">
<pre>java.lang.AssertionError: Response content
Expected: a string containing &quot;기능 목록&quot;
     but: was &quot;&lt;!doctype html&gt;
&lt;html lang=&quot;ko&quot;&gt;
  &lt;head&gt;
    &lt;meta charset=&quot;utf-8&quot; /&gt;
    &lt;meta name=&quot;viewport&quot; content=&quot;width=device-width, initial-scale=1&quot; /&gt;

    &lt;title&gt;ê¸°ë&#x8a;¥ì&#x9c;&#x84;ì¹&#x98; ëª©ë¡&#x9d; Â· CMMS&lt;/title&gt;
    &lt;link rel=&quot;stylesheet&quot; href=&quot;../../../static/assets/css/base.css&quot; /&gt;
  &lt;/head&gt;
  &lt;body&gt;
    &lt;div class=&quot;page&quot;&gt;
      &lt;header class=&quot;appbar&quot;&gt;
        &lt;div class=&quot;appbar-inner&quot;&gt;
          &lt;div class=&quot;brand&quot;&gt;ê¸°ë³¸ì &#x95;ë³´&lt;/div&gt;
          &lt;div class=&quot;spacer&quot;&gt;&lt;/div&gt;
          &lt;div class=&quot;meta&quot;&gt;
            &lt;span class=&quot;badge&quot;&gt;memberId&lt;/span&gt;
            &lt;span&gt;ì&#x9a;´ì&#x98;&#x81;ì¤&#x91;&lt;/span&gt;
          &lt;/div&gt;
        &lt;/div&gt;
      &lt;/header&gt;
      &lt;nav class=&quot;breadcrumbs&quot;&gt;
        &lt;div class=&quot;container&quot;&gt;
          &lt;a href=&quot;#&quot;&gt;ê¸°ë³¸ì &#x95;ë³´&lt;/a&gt;
          &lt;span class=&quot;sep&quot;&gt;/&lt;/span&gt;
          &lt;span&gt;ê¸°ë&#x8a;¥ì&#x9c;&#x84;ì¹&#x98;&lt;/span&gt;
        &lt;/div&gt;
      &lt;/nav&gt;
      &lt;main&gt;
        &lt;div class=&quot;container&quot;&gt;
          &lt;section class=&quot;card&quot;&gt;
            &lt;div class=&quot;card-header&quot;&gt;
              &lt;div class=&quot;card-title&quot;&gt;ê¸°ë&#x8a;¥ì&#x9c;&#x84;ì¹&#x98; ëª©ë¡&#x9d;&lt;/div&gt;
              &lt;div class=&quot;toolbar&quot;&gt;
                &lt;a class=&quot;btn&quot; href=&quot;#&quot;&gt;ì &#x95;ë³´ë³´ê¸°&lt;/a&gt;
                &lt;a class=&quot;btn primary&quot; href=&quot;form.html&quot;&gt;ì&#x83;&#x88;ë¡&#x9c; ë§&#x8c;ë&#x93;¤ê¸°&lt;/a&gt;
              &lt;/div&gt;
            &lt;/div&gt;
            &lt;div class=&quot;card-body&quot;&gt;
              &lt;div class=&quot;section&quot;&gt;
                &lt;div class=&quot;section-title&quot;&gt;í&#x95;&#x84;í&#x84;°&lt;/div&gt;
                &lt;div class=&quot;grid cols-12&quot;&gt;
                  &lt;div class=&quot;col-span-3&quot;&gt;
                    &lt;input class=&quot;input&quot; placeholder=&quot;ê¸°ë&#x8a;¥ì&#x9c;&#x84;ì¹&#x98; ì½&#x94;ë&#x93;&#x9c;&quot; /&gt;
                  &lt;/div&gt;
                  &lt;div class=&quot;col-span-3&quot;&gt;
                    &lt;input class=&quot;input&quot; placeholder=&quot;ê¸°ë&#x8a;¥ì&#x9c;&#x84;ì¹&#x98; ëª&quot; /&gt;
                  &lt;/div&gt;
                  &lt;div class=&quot;col-span-6&quot; style=&quot;display:flex;gap:8px;justify-content:flex-end&quot;&gt;
                    &lt;button class=&quot;btn&quot;&gt;ì´&#x88;ê¸°í&#x99;&#x94;&lt;/button&gt;
                    &lt;button class=&quot;btn&quot;&gt;ê²&#x80;ì&#x83;&#x89;&lt;/button&gt;
                  &lt;/div&gt;
                &lt;/div&gt;
              &lt;/div&gt;

              &lt;table class=&quot;table&quot;&gt;
                &lt;thead&gt;
                  &lt;tr&gt;
                    &lt;th style=&quot;width:140px&quot;&gt;ê¸°ë&#x8a;¥ì&#x9c;&#x84;ì¹&#x98; ì½&#x94;ë&#x93;&#x9c;&lt;/th&gt;
                    &lt;th&gt;ê¸°ë&#x8a;¥ì&#x9c;&#x84;ì¹&#x98; ëª&lt;/th&gt;
                    &lt;th style=&quot;width:200px&quot;&gt;ë¹&#x84;ê³ &lt;/th&gt;
                  &lt;/tr&gt;
                &lt;/thead&gt;
                &lt;tbody&gt;
                  &lt;tr data-row-link=&quot;form.html&quot;&gt;
                    &lt;td&gt;&lt;a href=&quot;form.html&quot;&gt;F001&lt;/a&gt;&lt;/td&gt;
                    &lt;td&gt;í&#x8e;&#x8c;í&#x94;&#x84; ë&#x9d;¼ì&#x9d;¸&lt;/td&gt;
                    &lt;td&gt;ì&#x98;&#x88;ì&#x8b;&#x9c; ë&#x8d;°ì&#x9d;´í&#x84;°&lt;/td&gt;
                  &lt;/tr&gt;
                &lt;/tbody&gt;
              &lt;/table&gt;

              &lt;div class=&quot;row&quot; style=&quot;margin-top:12px&quot;&gt;
                &lt;div class=&quot;spacer&quot;&gt;&lt;/div&gt;
                &lt;div class=&quot;pagination&quot;&gt;
                  &lt;button class=&quot;btn sm&quot; disabled&gt;ì&#x9d;´ì &#x84;&lt;/button&gt;
                  &lt;button class=&quot;btn sm&quot;&gt;ë&#x8b;¤ì&#x9d;&#x8c;&lt;/button&gt;
                &lt;/div&gt;
              &lt;/div&gt;
            &lt;/div&gt;
          &lt;/section&gt;
        &lt;/div&gt;
      &lt;/main&gt;
      &lt;footer&gt;
        &lt;div class=&quot;container&quot;&gt;Â© ê¸°ë³¸ì &#x95;ë³´&lt;/div&gt;
      &lt;/footer&gt;
    &lt;/div&gt;
    &lt;script src=&quot;../../../static/assets/js/app.js&quot;&gt;&lt;/script&gt;
  &lt;/body&gt;
&lt;/html&gt;
&quot;
	at org.hamcrest.MatcherAssert.assertThat(MatcherAssert.java:20)
	at org.springframework.test.web.servlet.result.ContentResultMatchers.lambda$string$3(ContentResultMatchers.java:141)
	at org.springframework.test.web.servlet.MockMvc$1.andExpect(MockMvc.java:214)
	at com.cmms11.web.FuncControllerTest.funcTemplatesAreServedThroughLayout(FuncControllerTest.java:105)
	at java.base/jdk.internal.reflect.DirectMethodHandleAccessor.invoke(DirectMethodHandleAccessor.java:103)
	at java.base/java.lang.reflect.Method.invoke(Method.java:580)
	at org.junit.platform.commons.util.ReflectionUtils.invokeMethod(ReflectionUtils.java:728)
	at org.junit.jupiter.engine.execution.MethodInvocation.proceed(MethodInvocation.java:60)
	at org.junit.jupiter.engine.execution.InvocationInterceptorChain$ValidatingInvocation.proceed(InvocationInterceptorChain.java:131)
	at org.junit.jupiter.engine.extension.TimeoutExtension.intercept(TimeoutExtension.java:156)
	at org.junit.jupiter.engine.extension.TimeoutExtension.interceptTestableMethod(TimeoutExtension.java:147)
	at org.junit.jupiter.engine.extension.TimeoutExtension.interceptTestMethod(TimeoutExtension.java:86)
	at org.junit.jupiter.engine.execution.InterceptingExecutableInvoker$ReflectiveInterceptorCall.lambda$ofVoidMethod$0(InterceptingExecutableInvoker.java:103)
	at org.junit.jupiter.engine.execution.InterceptingExecutableInvoker.lambda$invoke$0(InterceptingExecutableInvoker.java:93)
	at org.junit.jupiter.engine.execution.InvocationInterceptorChain$InterceptedInvocation.proceed(InvocationInterceptorChain.java:106)
	at org.junit.jupiter.engine.execution.InvocationInterceptorChain.proceed(InvocationInterceptorChain.java:64)
	at org.junit.jupiter.engine.execution.InvocationInterceptorChain.chainAndInvoke(InvocationInterceptorChain.java:45)
	at org.junit.jupiter.engine.execution.InvocationInterceptorChain.invoke(InvocationInterceptorChain.java:37)
	at org.junit.jupiter.engine.execution.InterceptingExecutableInvoker.invoke(InterceptingExecutableInvoker.java:92)
	at org.junit.jupiter.engine.execution.InterceptingExecutableInvoker.invoke(InterceptingExecutableInvoker.java:86)
	at org.junit.jupiter.engine.descriptor.TestMethodTestDescriptor.lambda$invokeTestMethod$7(TestMethodTestDescriptor.java:218)
	at org.junit.platform.engine.support.hierarchical.ThrowableCollector.execute(ThrowableCollector.java:73)
	at org.junit.jupiter.engine.descriptor.TestMethodTestDescriptor.invokeTestMethod(TestMethodTestDescriptor.java:214)
	at org.junit.jupiter.engine.descriptor.TestMethodTestDescriptor.execute(TestMethodTestDescriptor.java:139)
	at org.junit.jupiter.engine.descriptor.TestMethodTestDescriptor.execute(TestMethodTestDescriptor.java:69)
	at org.junit.platform.engine.support.hierarchical.NodeTestTask.lambda$executeRecursively$6(NodeTestTask.java:151)
	at org.junit.platform.engine.support.hierarchical.ThrowableCollector.execute(ThrowableCollector.java:73)
	at org.junit.platform.engine.support.hierarchical.NodeTestTask.lambda$executeRecursively$8(NodeTestTask.java:141)
	at org.junit.platform.engine.support.hierarchical.Node.around(Node.java:137)
	at org.junit.platform.engine.support.hierarchical.NodeTestTask.lambda$executeRecursively$9(NodeTestTask.java:139)
	at org.junit.platform.engine.support.hierarchical.ThrowableCollector.execute(ThrowableCollector.java:73)
	at org.junit.platform.engine.support.hierarchical.NodeTestTask.executeRecursively(NodeTestTask.java:138)
	at org.junit.platform.engine.support.hierarchical.NodeTestTask.execute(NodeTestTask.java:95)
	at java.base/java.util.ArrayList.forEach(ArrayList.java:1596)
	at org.junit.platform.engine.support.hierarchical.SameThreadHierarchicalTestExecutorService.invokeAll(SameThreadHierarchicalTestExecutorService.java:41)
	at org.junit.platform.engine.support.hierarchical.NodeTestTask.lambda$executeRecursively$6(NodeTestTask.java:155)
	at org.junit.platform.engine.support.hierarchical.ThrowableCollector.execute(ThrowableCollector.java:73)
	at org.junit.platform.engine.support.hierarchical.NodeTestTask.lambda$executeRecursively$8(NodeTestTask.java:141)
	at org.junit.platform.engine.support.hierarchical.Node.around(Node.java:137)
	at org.junit.platform.engine.support.hierarchical.NodeTestTask.lambda$executeRecursively$9(NodeTestTask.java:139)
	at org.junit.platform.engine.support.hierarchical.ThrowableCollector.execute(ThrowableCollector.java:73)
	at org.junit.platform.engine.support.hierarchical.NodeTestTask.executeRecursively(NodeTestTask.java:138)
	at org.junit.platform.engine.support.hierarchical.NodeTestTask.execute(NodeTestTask.java:95)
	at java.base/java.util.ArrayList.forEach(ArrayList.java:1596)
	at org.junit.platform.engine.support.hierarchical.SameThreadHierarchicalTestExecutorService.invokeAll(SameThreadHierarchicalTestExecutorService.java:41)
	at org.junit.platform.engine.support.hierarchical.NodeTestTask.lambda$executeRecursively$6(NodeTestTask.java:155)
	at org.junit.platform.engine.support.hierarchical.ThrowableCollector.execute(ThrowableCollector.java:73)
	at org.junit.platform.engine.support.hierarchical.NodeTestTask.lambda$executeRecursively$8(NodeTestTask.java:141)
	at org.junit.platform.engine.support.hierarchical.Node.around(Node.java:137)
	at org.junit.platform.engine.support.hierarchical.NodeTestTask.lambda$executeRecursively$9(NodeTestTask.java:139)
	at org.junit.platform.engine.support.hierarchical.ThrowableCollector.execute(ThrowableCollector.java:73)
	at org.junit.platform.engine.support.hierarchical.NodeTestTask.executeRecursively(NodeTestTask.java:138)
	at org.junit.platform.engine.support.hierarchical.NodeTestTask.execute(NodeTestTask.java:95)
	at org.junit.platform.engine.support.hierarchical.SameThreadHierarchicalTestExecutorService.submit(SameThreadHierarchicalTestExecutorService.java:35)
	at org.junit.platform.engine.support.hierarchical.HierarchicalTestExecutor.execute(HierarchicalTestExecutor.java:57)
	at org.junit.platform.engine.support.hierarchical.HierarchicalTestEngine.execute(HierarchicalTestEngine.java:54)
	at org.junit.platform.launcher.core.EngineExecutionOrchestrator.execute(EngineExecutionOrchestrator.java:107)
	at org.junit.platform.launcher.core.EngineExecutionOrchestrator.execute(EngineExecutionOrchestrator.java:88)
	at org.junit.platform.launcher.core.EngineExecutionOrchestrator.lambda$execute$0(EngineExecutionOrchestrator.java:54)
	at org.junit.platform.launcher.core.EngineExecutionOrchestrator.withInterceptedStreams(EngineExecutionOrchestrator.java:67)
	at org.junit.platform.launcher.core.EngineExecutionOrchestrator.execute(EngineExecutionOrchestrator.java:52)
	at org.junit.platform.launcher.core.DefaultLauncher.execute(DefaultLauncher.java:114)
	at org.junit.platform.launcher.core.DefaultLauncher.execute(DefaultLauncher.java:86)
	at org.junit.platform.launcher.core.DefaultLauncherSession$DelegatingLauncher.execute(DefaultLauncherSession.java:86)
	at org.gradle.api.internal.tasks.testing.junitplatform.JUnitPlatformTestClassProcessor$CollectAllTestClassesExecutor.processAllTestClasses(JUnitPlatformTestClassProcessor.java:124)
	at org.gradle.api.internal.tasks.testing.junitplatform.JUnitPlatformTestClassProcessor$CollectAllTestClassesExecutor.access$000(JUnitPlatformTestClassProcessor.java:99)
	at org.gradle.api.internal.tasks.testing.junitplatform.JUnitPlatformTestClassProcessor.stop(JUnitPlatformTestClassProcessor.java:94)
	at org.gradle.api.internal.tasks.testing.SuiteTestClassProcessor.stop(SuiteTestClassProcessor.java:63)
	at java.base/jdk.internal.reflect.DirectMethodHandleAccessor.invoke(DirectMethodHandleAccessor.java:103)
	at java.base/java.lang.reflect.Method.invoke(Method.java:580)
	at org.gradle.internal.dispatch.ReflectionDispatch.dispatch(ReflectionDispatch.java:36)
	at org.gradle.internal.dispatch.ReflectionDispatch.dispatch(ReflectionDispatch.java:24)
	at org.gradle.internal.dispatch.ContextClassLoaderDispatch.dispatch(ContextClassLoaderDispatch.java:33)
	at org.gradle.internal.dispatch.ProxyDispatchAdapter$DispatchingInvocationHandler.invoke(ProxyDispatchAdapter.java:92)
	at jdk.proxy1/jdk.proxy1.$Proxy4.stop(Unknown Source)
	at org.gradle.api.internal.tasks.testing.worker.TestWorker$3.run(TestWorker.java:200)
	at org.gradle.api.internal.tasks.testing.worker.TestWorker.executeAndMaintainThreadName(TestWorker.java:132)
	at org.gradle.api.internal.tasks.testing.worker.TestWorker.execute(TestWorker.java:103)
	at org.gradle.api.internal.tasks.testing.worker.TestWorker.execute(TestWorker.java:63)
	at org.gradle.process.internal.worker.child.ActionExecutionWorker.execute(ActionExecutionWorker.java:56)
	at org.gradle.process.internal.worker.child.SystemApplicationClassLoaderWorker.call(SystemApplicationClassLoaderWorker.java:122)
	at org.gradle.process.internal.worker.child.SystemApplicationClassLoaderWorker.call(SystemApplicationClassLoaderWorker.java:72)
	at worker.org.gradle.process.internal.worker.GradleWorkerMain.run(GradleWorkerMain.java:69)
	at worker.org.gradle.process.internal.worker.GradleWorkerMain.main(GradleWorkerMain.java:74)
</pre>
</span>
</div>
</div>
<div class="tab">
<h2>Tests</h2>
<table>
<thead>
<tr>
<th>Test</th>
<th>Duration</th>
<th>Result</th>
</tr>
</thead>
<tr>
<td class="failures">createUpdateAndDeleteFunc()</td>
<td class="failures">0.019s</td>
<td class="failures">failed</td>
</tr>
<tr>
<td class="failures">funcTemplatesAreServedThroughLayout()</td>
<td class="failures">0.059s</td>
<td class="failures">failed</td>
</tr>
<tr>
<td class="success">listFunctionsSupportsPaginationAndSearch()</td>
<td class="success">0.095s</td>
<td class="success">passed</td>
</tr>
</table>
</div>
<div class="tab">
<h2>Standard output</h2>
<span class="code">
<pre>2025-09-20T20:38:00.882+09:00  INFO 8468 --- [    Test worker] t.c.s.AnnotationConfigContextLoaderUtils : Could not detect default configuration classes for test class [com.cmms11.web.FuncControllerTest]: FuncControllerTest does not declare any static, non-private, non-final, nested classes annotated with @Configuration.
2025-09-20T20:38:00.887+09:00  INFO 8468 --- [    Test worker] .b.t.c.SpringBootTestContextBootstrapper : Found @SpringBootConfiguration com.cmms11.Cmms11Application for test class com.cmms11.web.FuncControllerTest

  .   ____          _            __ _ _
 /\\ / ___'_ __ _ _(_)_ __  __ _ \ \ \ \
( ( )\___ | '_ | '_| | '_ \/ _` | \ \ \ \
 \\/  ___)| |_)| | | | | || (_| |  ) ) ) )
  '  |____| .__|_| |_|_| |_\__, | / / / /
 =========|_|==============|___/=/_/_/_/

 :: Spring Boot ::                (v3.3.4)

2025-09-20T20:38:00.965+09:00  INFO 8468 --- [    Test worker] com.cmms11.web.FuncControllerTest        : Starting FuncControllerTest using Java 21.0.8 with PID 8468 (started by polkn in C:\Users\polkn\codex\cmms11)
2025-09-20T20:38:00.965+09:00  INFO 8468 --- [    Test worker] com.cmms11.web.FuncControllerTest        : The following 1 profile is active: &quot;test&quot;
2025-09-20T20:38:01.511+09:00  INFO 8468 --- [    Test worker] .s.d.r.c.RepositoryConfigurationDelegate : Bootstrapping Spring Data JPA repositories in DEFAULT mode.
2025-09-20T20:38:01.610+09:00  INFO 8468 --- [    Test worker] .s.d.r.c.RepositoryConfigurationDelegate : Finished Spring Data repository scanning in 98 ms. Found 17 JPA repository interfaces.
2025-09-20T20:38:01.907+09:00  INFO 8468 --- [    Test worker] o.hibernate.jpa.internal.util.LogHelper  : HHH000204: Processing PersistenceUnitInfo [name: default]
2025-09-20T20:38:01.918+09:00  INFO 8468 --- [    Test worker] o.h.c.internal.RegionFactoryInitiator    : HHH000026: Second-level cache disabled
2025-09-20T20:38:01.946+09:00  INFO 8468 --- [    Test worker] o.s.o.j.p.SpringPersistenceUnitInfo      : No LoadTimeWeaver setup: ignoring JPA class transformer
2025-09-20T20:38:01.949+09:00  INFO 8468 --- [    Test worker] com.zaxxer.hikari.HikariDataSource       : HikariPool-1 - Starting...
2025-09-20T20:38:01.976+09:00  INFO 8468 --- [    Test worker] com.zaxxer.hikari.pool.HikariPool        : HikariPool-1 - Added connection conn32: url=jdbc:h2:mem:cmms11 user=SA
2025-09-20T20:38:01.979+09:00  INFO 8468 --- [    Test worker] com.zaxxer.hikari.HikariDataSource       : HikariPool-1 - Start completed.
2025-09-20T20:38:01.989+09:00  WARN 8468 --- [    Test worker] org.hibernate.orm.deprecation            : HHH90000025: H2Dialect does not need to be specified explicitly using 'hibernate.dialect' (remove the property setting and it will be selected by default)
2025-09-20T20:38:02.651+09:00  INFO 8468 --- [    Test worker] o.h.e.t.j.p.i.JtaPlatformInitiator       : HHH000489: No JTA platform available (set 'hibernate.transaction.jta.platform' to enable JTA platform integration)
2025-09-20T20:38:02.703+09:00  INFO 8468 --- [    Test worker] j.LocalContainerEntityManagerFactoryBean : Initialized JPA EntityManagerFactory for persistence unit 'default'
2025-09-20T20:38:03.254+09:00  WARN 8468 --- [    Test worker] JpaBaseConfiguration$JpaWebConfiguration : spring.jpa.open-in-view is enabled by default. Therefore, database queries may be performed during view rendering. Explicitly configure spring.jpa.open-in-view to disable this warning
2025-09-20T20:38:03.261+09:00  INFO 8468 --- [    Test worker] r$InitializeUserDetailsManagerConfigurer : Global AuthenticationManager configured with UserDetailsService bean with name memberUserDetailsService
2025-09-20T20:38:03.785+09:00  INFO 8468 --- [    Test worker] o.s.b.t.m.w.SpringBootMockServletContext : Initializing Spring TestDispatcherServlet ''
2025-09-20T20:38:03.785+09:00  INFO 8468 --- [    Test worker] o.s.t.web.servlet.TestDispatcherServlet  : Initializing Servlet ''
2025-09-20T20:38:03.786+09:00  INFO 8468 --- [    Test worker] o.s.t.web.servlet.TestDispatcherServlet  : Completed initialization in 0 ms
2025-09-20T20:38:03.793+09:00  INFO 8468 --- [    Test worker] com.cmms11.web.FuncControllerTest        : Started FuncControllerTest in 2.897 seconds (process running for 29.842)
2025-09-20T20:38:04.168+09:00  WARN 8468 --- [    Test worker] ration$PageModule$WarningLoggingModifier : Serializing PageImpl instances as-is is not supported, meaning that there is no guarantee about the stability of the resulting JSON structure!
	For a stable JSON structure, please use Spring Data's PagedModel (globally via @EnableSpringDataWebSupport(pageSerializationMode = VIA_DTO))
	or Spring HATEOAS and Spring Data's PagedResourcesAssembler as documented in https://docs.spring.io/spring-data/commons/reference/repositories/core-extensions.html#core.web.pageables.

2025-09-20T20:38:04.178+09:00  INFO 8468 --- [    Test worker] com.cmms11.config.RequestLoggingFilter   : [REQ] GET /api/domain/funcs status=200 duration=25ms
2025-09-20T20:38:04.224+09:00  INFO 8468 --- [    Test worker] com.cmms11.config.RequestLoggingFilter   : [REQ] GET /api/domain/funcs status=200 duration=15ms
2025-09-20T20:38:04.237+09:00  WARN 8468 --- [    Test worker] com.cmms11.config.SecurityConfig         : Access denied for POST /api/domain/funcs - Could not verify the provided CSRF token because no token was found to compare.

MockHttpServletRequest:
      HTTP Method = POST
      Request URI = /api/domain/funcs
       Parameters = {}
          Headers = [Content-Type:&quot;application/json;charset=UTF-8&quot;, Content-Length:&quot;85&quot;]
             Body = {
  &quot;id&quot;: {&quot;funcId&quot;: &quot;F0100&quot;},
  &quot;name&quot;: &quot;안전관리&quot;,
  &quot;note&quot;: &quot;신규 기능&quot;
}

    Session Attrs = {SPRING_SECURITY_CONTEXT=SecurityContextImpl [Authentication=UsernamePasswordAuthenticationToken [Principal=org.springframework.security.core.userdetails.User [Username=admin, Password=[PROTECTED], Enabled=true, AccountNonExpired=true, CredentialsNonExpired=true, AccountNonLocked=true, Granted Authorities=[ROLE_USER]], Credentials=[PROTECTED], Authenticated=true, Details=null, Granted Authorities=[ROLE_USER]]]}

Handler:
             Type = null

Async:
    Async started = false
     Async result = null

Resolved Exception:
             Type = null

ModelAndView:
        View name = null
             View = null
            Model = null

FlashMap:
       Attributes = null

MockHttpServletResponse:
           Status = 403
    Error message = null
          Headers = [Set-Cookie:&quot;XSRF-TOKEN=2e62aaa9-8251-4058-89cb-7e109c195d4b; Path=/&quot;, X-Content-Type-Options:&quot;nosniff&quot;, X-XSS-Protection:&quot;0&quot;, Cache-Control:&quot;no-cache, no-store, max-age=0, must-revalidate&quot;, Pragma:&quot;no-cache&quot;, Expires:&quot;0&quot;, X-Frame-Options:&quot;DENY&quot;]
     Content type = null
             Body = 
    Forwarded URL = null
   Redirected URL = null
          Cookies = [[Cookie@53954d73 name = 'XSRF-TOKEN', value = '2e62aaa9-8251-4058-89cb-7e109c195d4b', comment = [null], domain = [null], maxAge = -1, path = '/', secure = false, version = 0, httpOnly = false]]
2025-09-20T20:38:04.287+09:00  INFO 8468 --- [    Test worker] com.cmms11.config.RequestLoggingFilter   : [REQ] GET /domain/func/list.html status=200 duration=24ms

MockHttpServletRequest:
      HTTP Method = GET
      Request URI = /domain/func/list.html
       Parameters = {}
          Headers = []
             Body = null
    Session Attrs = {SPRING_SECURITY_CONTEXT=SecurityContextImpl [Authentication=UsernamePasswordAuthenticationToken [Principal=org.springframework.security.core.userdetails.User [Username=admin, Password=[PROTECTED], Enabled=true, AccountNonExpired=true, CredentialsNonExpired=true, AccountNonLocked=true, Granted Authorities=[ROLE_USER]], Credentials=[PROTECTED], Authenticated=true, Details=null, Granted Authorities=[ROLE_USER]]]}

Handler:
             Type = org.springframework.web.servlet.resource.ResourceHttpRequestHandler

Async:
    Async started = false
     Async result = null

Resolved Exception:
             Type = null

ModelAndView:
        View name = null
             View = null
            Model = null

FlashMap:
       Attributes = null

MockHttpServletResponse:
           Status = 200
    Error message = null
          Headers = [Set-Cookie:&quot;XSRF-TOKEN=5cbee902-5b9d-47c1-9f45-274c804f9f6f; Path=/&quot;, &quot;XSRF-TOKEN=5cbee902-5b9d-47c1-9f45-274c804f9f6f; Path=/&quot;, Vary:&quot;Origin&quot;, &quot;Access-Control-Request-Method&quot;, &quot;Access-Control-Request-Headers&quot;, Last-Modified:&quot;Sat, 20 Sep 2025 11:37:21 GMT&quot;, Content-Type:&quot;text/html&quot;, Accept-Ranges:&quot;bytes&quot;, Content-Length:&quot;3191&quot;, X-Content-Type-Options:&quot;nosniff&quot;, X-XSS-Protection:&quot;0&quot;, Cache-Control:&quot;no-cache, no-store, max-age=0, must-revalidate&quot;, Pragma:&quot;no-cache&quot;, Expires:&quot;0&quot;, X-Frame-Options:&quot;DENY&quot;]
     Content type = text/html
             Body = &lt;!doctype html&gt;
&lt;html lang=&quot;ko&quot;&gt;
  &lt;head&gt;
    &lt;meta charset=&quot;utf-8&quot; /&gt;
    &lt;meta name=&quot;viewport&quot; content=&quot;width=device-width, initial-scale=1&quot; /&gt;

    &lt;title&gt;ê¸°ë&#x8a;¥ì&#x9c;&#x84;ì¹&#x98; ëª©ë¡&#x9d; Â· CMMS&lt;/title&gt;
    &lt;link rel=&quot;stylesheet&quot; href=&quot;../../../static/assets/css/base.css&quot; /&gt;
  &lt;/head&gt;
  &lt;body&gt;
    &lt;div class=&quot;page&quot;&gt;
      &lt;header class=&quot;appbar&quot;&gt;
        &lt;div class=&quot;appbar-inner&quot;&gt;
          &lt;div class=&quot;brand&quot;&gt;ê¸°ë³¸ì &#x95;ë³´&lt;/div&gt;
          &lt;div class=&quot;spacer&quot;&gt;&lt;/div&gt;
          &lt;div class=&quot;meta&quot;&gt;
            &lt;span class=&quot;badge&quot;&gt;memberId&lt;/span&gt;
            &lt;span&gt;ì&#x9a;´ì&#x98;&#x81;ì¤&#x91;&lt;/span&gt;
          &lt;/div&gt;
        &lt;/div&gt;
      &lt;/header&gt;
      &lt;nav class=&quot;breadcrumbs&quot;&gt;
        &lt;div class=&quot;container&quot;&gt;
          &lt;a href=&quot;#&quot;&gt;ê¸°ë³¸ì &#x95;ë³´&lt;/a&gt;
          &lt;span class=&quot;sep&quot;&gt;/&lt;/span&gt;
          &lt;span&gt;ê¸°ë&#x8a;¥ì&#x9c;&#x84;ì¹&#x98;&lt;/span&gt;
        &lt;/div&gt;
      &lt;/nav&gt;
      &lt;main&gt;
        &lt;div class=&quot;container&quot;&gt;
          &lt;section class=&quot;card&quot;&gt;
            &lt;div class=&quot;card-header&quot;&gt;
              &lt;div class=&quot;card-title&quot;&gt;ê¸°ë&#x8a;¥ì&#x9c;&#x84;ì¹&#x98; ëª©ë¡&#x9d;&lt;/div&gt;
              &lt;div class=&quot;toolbar&quot;&gt;
                &lt;a class=&quot;btn&quot; href=&quot;#&quot;&gt;ì &#x95;ë³´ë³´ê¸°&lt;/a&gt;
                &lt;a class=&quot;btn primary&quot; href=&quot;form.html&quot;&gt;ì&#x83;&#x88;ë¡&#x9c; ë§&#x8c;ë&#x93;¤ê¸°&lt;/a&gt;
              &lt;/div&gt;
            &lt;/div&gt;
            &lt;div class=&quot;card-body&quot;&gt;
              &lt;div class=&quot;section&quot;&gt;
                &lt;div class=&quot;section-title&quot;&gt;í&#x95;&#x84;í&#x84;°&lt;/div&gt;
                &lt;div class=&quot;grid cols-12&quot;&gt;
                  &lt;div class=&quot;col-span-3&quot;&gt;
                    &lt;input class=&quot;input&quot; placeholder=&quot;ê¸°ë&#x8a;¥ì&#x9c;&#x84;ì¹&#x98; ì½&#x94;ë&#x93;&#x9c;&quot; /&gt;
                  &lt;/div&gt;
                  &lt;div class=&quot;col-span-3&quot;&gt;
                    &lt;input class=&quot;input&quot; placeholder=&quot;ê¸°ë&#x8a;¥ì&#x9c;&#x84;ì¹&#x98; ëª&quot; /&gt;
                  &lt;/div&gt;
                  &lt;div class=&quot;col-span-6&quot; style=&quot;display:flex;gap:8px;justify-content:flex-end&quot;&gt;
                    &lt;button class=&quot;btn&quot;&gt;ì´&#x88;ê¸°í&#x99;&#x94;&lt;/button&gt;
                    &lt;button class=&quot;btn&quot;&gt;ê²&#x80;ì&#x83;&#x89;&lt;/button&gt;
                  &lt;/div&gt;
                &lt;/div&gt;
              &lt;/div&gt;

              &lt;table class=&quot;table&quot;&gt;
                &lt;thead&gt;
                  &lt;tr&gt;
                    &lt;th style=&quot;width:140px&quot;&gt;ê¸°ë&#x8a;¥ì&#x9c;&#x84;ì¹&#x98; ì½&#x94;ë&#x93;&#x9c;&lt;/th&gt;
                    &lt;th&gt;ê¸°ë&#x8a;¥ì&#x9c;&#x84;ì¹&#x98; ëª&lt;/th&gt;
                    &lt;th style=&quot;width:200px&quot;&gt;ë¹&#x84;ê³ &lt;/th&gt;
                  &lt;/tr&gt;
                &lt;/thead&gt;
                &lt;tbody&gt;
                  &lt;tr data-row-link=&quot;form.html&quot;&gt;
                    &lt;td&gt;&lt;a href=&quot;form.html&quot;&gt;F001&lt;/a&gt;&lt;/td&gt;
                    &lt;td&gt;í&#x8e;&#x8c;í&#x94;&#x84; ë&#x9d;¼ì&#x9d;¸&lt;/td&gt;
                    &lt;td&gt;ì&#x98;&#x88;ì&#x8b;&#x9c; ë&#x8d;°ì&#x9d;´í&#x84;°&lt;/td&gt;
                  &lt;/tr&gt;
                &lt;/tbody&gt;
              &lt;/table&gt;

              &lt;div class=&quot;row&quot; style=&quot;margin-top:12px&quot;&gt;
                &lt;div class=&quot;spacer&quot;&gt;&lt;/div&gt;
                &lt;div class=&quot;pagination&quot;&gt;
                  &lt;button class=&quot;btn sm&quot; disabled&gt;ì&#x9d;´ì &#x84;&lt;/button&gt;
                  &lt;button class=&quot;btn sm&quot;&gt;ë&#x8b;¤ì&#x9d;&#x8c;&lt;/button&gt;
                &lt;/div&gt;
              &lt;/div&gt;
            &lt;/div&gt;
          &lt;/section&gt;
        &lt;/div&gt;
      &lt;/main&gt;
      &lt;footer&gt;
        &lt;div class=&quot;container&quot;&gt;Â© ê¸°ë³¸ì &#x95;ë³´&lt;/div&gt;
      &lt;/footer&gt;
    &lt;/div&gt;
    &lt;script src=&quot;../../../static/assets/js/app.js&quot;&gt;&lt;/script&gt;
  &lt;/body&gt;
&lt;/html&gt;

    Forwarded URL = null
   Redirected URL = null
          Cookies = [[Cookie@50306f7d name = 'XSRF-TOKEN', value = '5cbee902-5b9d-47c1-9f45-274c804f9f6f', comment = [null], domain = [null], maxAge = -1, path = '/', secure = false, version = 0, httpOnly = false], [Cookie@b64d1e6 name = 'XSRF-TOKEN', value = '5cbee902-5b9d-47c1-9f45-274c804f9f6f', comment = [null], domain = [null], maxAge = -1, path = '/', secure = false, version = 0, httpOnly = false]]
</pre>
</span>
</div>
</div>
<div id="footer">
<p>
<div>
<label class="hidden" id="label-for-line-wrapping-toggle" for="line-wrapping-toggle">Wrap lines
<input id="line-wrapping-toggle" type="checkbox" autocomplete="off"/>
</label>
</div>Generated by 
<a href="https://www.gradle.org">Gradle 8.14</a> at 2025. 9. 20. 오후 8:38:05</p>
</div>
</div>
</body>
</html>
